This file contains any messages produced by compilers while
running configure, to aid debugging if configure makes a mistake.

It was created by FTGL configure 2.1.3~rc5, which was
generated by GNU Autoconf 2.61.  Invocation command line was

  $ ./configure 

## --------- ##
## Platform. ##
## --------- ##

hostname = marcopolo.local
uname -m = x86_64
uname -r = 13.1.0
uname -s = Darwin
uname -v = Darwin Kernel Version 13.1.0: Thu Jan 16 19:40:37 PST 2014; root:xnu-2422.90.20~2/RELEASE_X86_64

/usr/bin/uname -p = i386
/bin/uname -X     = unknown

/bin/arch              = unknown
/usr/bin/arch -k       = unknown
/usr/convex/getsysinfo = unknown
/usr/bin/hostinfo      = Mach kernel version:
	 Darwin Kernel Version 13.1.0: Thu Jan 16 19:40:37 PST 2014; root:xnu-2422.90.20~2/RELEASE_X86_64
Kernel configured for up to 8 processors.
4 processors are physically available.
8 processors are logically available.
Processor type: i486 (Intel 80486)
Processors active: 0 1 2 3 4 5 6 7
Primary memory available: 8.00 gigabytes
Default processor set: 221 tasks, 1107 threads, 8 processors
Load average: 1.00, Mach factor: 6.99
/bin/machine           = unknown
/usr/bin/oslevel       = unknown
/bin/universe          = unknown

PATH: /Users/fober/bin
PATH: /usr/bin
PATH: /bin
PATH: /usr/sbin
PATH: /sbin
PATH: /usr/local/bin
PATH: /opt/X11/bin
PATH: /usr/texbin
PATH: /usr/local/bin
PATH: /usr/texbin
PATH: /Applications/Xcode.app/Contents/Developer/usr/bin
PATH: /Users/fober/Qt5.2.0/5.2.0/clang_64/bin
PATH: /Users/fober/src/android/android-sdk/sdk/tools
PATH: .
PATH: /Users/fober/src/android/android-sdk/sdk/platform-tools
PATH: /Users/fober/src/android/android-toolchain/bin
PATH: /Users/fober/src/android/android-ndk
PATH: /Users/fober/src/android/ant/bin
PATH: /opt/local/bin
PATH: /opt/local/sbin


## ----------- ##
## Core tests. ##
## ----------- ##

configure:2041: checking for a BSD-compatible install
configure:2097: result: /usr/bin/install -c
configure:2108: checking whether build environment is sane
configure:2151: result: yes
configure:2179: checking for a thread-safe mkdir -p
configure:2218: result: /opt/local/bin/gmkdir -p
configure:2231: checking for gawk
configure:2261: result: no
configure:2231: checking for mawk
configure:2261: result: no
configure:2231: checking for nawk
configure:2261: result: no
configure:2231: checking for awk
configure:2247: found /usr/bin/awk
configure:2258: result: awk
configure:2269: checking whether make sets $(MAKE)
configure:2290: result: yes
configure:2484: checking for style of include used by make
configure:2512: result: GNU
configure:2540: checking build system type
configure:2558: result: i386-apple-darwin13.1.0
configure:2580: checking host system type
configure:2595: result: i386-apple-darwin13.1.0
configure:2694: checking for g++
configure:2710: found /usr/bin/g++
configure:2721: result: g++
configure:2752: checking for C++ compiler version
configure:2759: g++ --version >&5
Configured with: --prefix=/Applications/Xcode.app/Contents/Developer/usr --with-gxx-include-dir=/usr/include/c++/4.2.1
Apple LLVM version 5.1 (clang-503.0.38) (based on LLVM 3.4svn)
Target: x86_64-apple-darwin13.1.0
Thread model: posix
configure:2762: $? = 0
configure:2769: g++ -v >&5
Configured with: --prefix=/Applications/Xcode.app/Contents/Developer/usr --with-gxx-include-dir=/usr/include/c++/4.2.1
Apple LLVM version 5.1 (clang-503.0.38) (based on LLVM 3.4svn)
Target: x86_64-apple-darwin13.1.0
Thread model: posix
configure:2772: $? = 0
configure:2779: g++ -V >&5
clang: error: argument to '-V' is missing (expected 1 value)
clang: error: no input files
configure:2782: $? = 1
configure:2805: checking for C++ compiler default output file name
configure:2832: g++    conftest.cpp  >&5
configure:2835: $? = 0
configure:2873: result: a.out
configure:2890: checking whether the C++ compiler works
configure:2900: ./a.out
configure:2903: $? = 0
configure:2920: result: yes
configure:2927: checking whether we are cross compiling
configure:2929: result: no
configure:2932: checking for suffix of executables
configure:2939: g++ -o conftest    conftest.cpp  >&5
configure:2942: $? = 0
configure:2966: result: 
configure:2972: checking for suffix of object files
configure:2998: g++ -c   conftest.cpp >&5
configure:3001: $? = 0
configure:3024: result: o
configure:3028: checking whether we are using the GNU C++ compiler
configure:3057: g++ -c   conftest.cpp >&5
configure:3063: $? = 0
configure:3080: result: yes
configure:3085: checking whether g++ accepts -g
configure:3115: g++ -c -g  conftest.cpp >&5
configure:3121: $? = 0
configure:3220: result: yes
configure:3245: checking dependency style of g++
configure:3336: result: gcc3
configure:3482: checking for gcc
configure:3498: found /usr/bin/gcc
configure:3509: result: gcc
configure:3747: checking for C compiler version
configure:3754: gcc --version >&5
Configured with: --prefix=/Applications/Xcode.app/Contents/Developer/usr --with-gxx-include-dir=/usr/include/c++/4.2.1
Apple LLVM version 5.1 (clang-503.0.38) (based on LLVM 3.4svn)
Target: x86_64-apple-darwin13.1.0
Thread model: posix
configure:3757: $? = 0
configure:3764: gcc -v >&5
Configured with: --prefix=/Applications/Xcode.app/Contents/Developer/usr --with-gxx-include-dir=/usr/include/c++/4.2.1
Apple LLVM version 5.1 (clang-503.0.38) (based on LLVM 3.4svn)
Target: x86_64-apple-darwin13.1.0
Thread model: posix
configure:3767: $? = 0
configure:3774: gcc -V >&5
clang: error: argument to '-V' is missing (expected 1 value)
clang: error: no input files
configure:3777: $? = 1
configure:3780: checking whether we are using the GNU C compiler
configure:3809: gcc -c   conftest.c >&5
configure:3815: $? = 0
configure:3832: result: yes
configure:3837: checking whether gcc accepts -g
configure:3867: gcc -c -g  conftest.c >&5
configure:3873: $? = 0
configure:3972: result: yes
configure:3989: checking for gcc option to accept ISO C89
configure:4063: gcc  -c -g -O2  conftest.c >&5
configure:4069: $? = 0
configure:4092: result: none needed
configure:4112: checking dependency style of gcc
configure:4203: result: gcc3
configure:4218: checking for a sed that does not truncate output
configure:4274: result: /opt/local/bin/gsed
configure:4277: checking for grep that handles long lines and -e
configure:4351: result: /usr/bin/grep
configure:4356: checking for egrep
configure:4434: result: /usr/bin/grep -E
configure:4450: checking for ld used by gcc
configure:4517: result: /Applications/Xcode.app/Contents/Developer/Toolchains/XcodeDefault.xctoolchain/usr/bin/ld
configure:4526: checking if the linker (/Applications/Xcode.app/Contents/Developer/Toolchains/XcodeDefault.xctoolchain/usr/bin/ld) is GNU ld
configure:4541: result: no
configure:4546: checking for /Applications/Xcode.app/Contents/Developer/Toolchains/XcodeDefault.xctoolchain/usr/bin/ld option to reload object files
configure:4553: result: -r
configure:4571: checking for BSD-compatible nm
configure:4620: result: /usr/bin/nm
configure:4624: checking whether ln -s works
configure:4628: result: yes
configure:4635: checking how to recognize dependent libraries
configure:4821: result: pass_all
configure:5066: checking how to run the C preprocessor
configure:5106: gcc -E  conftest.c
configure:5112: $? = 0
configure:5143: gcc -E  conftest.c
conftest.c:8:10: fatal error: 'ac_nonexistent.h' file not found
#include <ac_nonexistent.h>
         ^
1 error generated.
configure:5149: $? = 1
configure: failed program was:
| /* confdefs.h.  */
| #define PACKAGE_NAME "FTGL"
| #define PACKAGE_TARNAME "ftgl"
| #define PACKAGE_VERSION "2.1.3~rc5"
| #define PACKAGE_STRING "FTGL 2.1.3~rc5"
| #define PACKAGE_BUGREPORT "sam@zoy.org"
| /* end confdefs.h.  */
| #include <ac_nonexistent.h>
configure:5182: result: gcc -E
configure:5211: gcc -E  conftest.c
configure:5217: $? = 0
configure:5248: gcc -E  conftest.c
conftest.c:8:10: fatal error: 'ac_nonexistent.h' file not found
#include <ac_nonexistent.h>
         ^
1 error generated.
configure:5254: $? = 1
configure: failed program was:
| /* confdefs.h.  */
| #define PACKAGE_NAME "FTGL"
| #define PACKAGE_TARNAME "ftgl"
| #define PACKAGE_VERSION "2.1.3~rc5"
| #define PACKAGE_STRING "FTGL 2.1.3~rc5"
| #define PACKAGE_BUGREPORT "sam@zoy.org"
| /* end confdefs.h.  */
| #include <ac_nonexistent.h>
configure:5292: checking for ANSI C header files
configure:5322: gcc -c -g -O2  conftest.c >&5
configure:5328: $? = 0
configure:5427: gcc -o conftest -g -O2   conftest.c  >&5
configure:5430: $? = 0
configure:5436: ./conftest
configure:5439: $? = 0
configure:5456: result: yes
configure:5480: checking for sys/types.h
configure:5501: gcc -c -g -O2  conftest.c >&5
configure:5507: $? = 0
configure:5523: result: yes
configure:5480: checking for sys/stat.h
configure:5501: gcc -c -g -O2  conftest.c >&5
configure:5507: $? = 0
configure:5523: result: yes
configure:5480: checking for stdlib.h
configure:5501: gcc -c -g -O2  conftest.c >&5
configure:5507: $? = 0
configure:5523: result: yes
configure:5480: checking for string.h
configure:5501: gcc -c -g -O2  conftest.c >&5
configure:5507: $? = 0
configure:5523: result: yes
configure:5480: checking for memory.h
configure:5501: gcc -c -g -O2  conftest.c >&5
configure:5507: $? = 0
configure:5523: result: yes
configure:5480: checking for strings.h
configure:5501: gcc -c -g -O2  conftest.c >&5
configure:5507: $? = 0
configure:5523: result: yes
configure:5480: checking for inttypes.h
configure:5501: gcc -c -g -O2  conftest.c >&5
configure:5507: $? = 0
configure:5523: result: yes
configure:5480: checking for stdint.h
configure:5501: gcc -c -g -O2  conftest.c >&5
configure:5507: $? = 0
configure:5523: result: yes
configure:5480: checking for unistd.h
configure:5501: gcc -c -g -O2  conftest.c >&5
configure:5507: $? = 0
configure:5523: result: yes
configure:5550: checking dlfcn.h usability
configure:5567: gcc -c -g -O2  conftest.c >&5
configure:5573: $? = 0
configure:5587: result: yes
configure:5591: checking dlfcn.h presence
configure:5606: gcc -E  conftest.c
configure:5612: $? = 0
configure:5626: result: yes
configure:5659: checking for dlfcn.h
configure:5667: result: yes
configure:5690: checking how to run the C++ preprocessor
configure:5726: g++ -E  conftest.cpp
configure:5732: $? = 0
configure:5763: g++ -E  conftest.cpp
conftest.cpp:19:10: fatal error: 'ac_nonexistent.h' file not found
#include <ac_nonexistent.h>
         ^
1 error generated.
configure:5769: $? = 1
configure: failed program was:
| /* confdefs.h.  */
| #define PACKAGE_NAME "FTGL"
| #define PACKAGE_TARNAME "ftgl"
| #define PACKAGE_VERSION "2.1.3~rc5"
| #define PACKAGE_STRING "FTGL 2.1.3~rc5"
| #define PACKAGE_BUGREPORT "sam@zoy.org"
| #define STDC_HEADERS 1
| #define HAVE_SYS_TYPES_H 1
| #define HAVE_SYS_STAT_H 1
| #define HAVE_STDLIB_H 1
| #define HAVE_STRING_H 1
| #define HAVE_MEMORY_H 1
| #define HAVE_STRINGS_H 1
| #define HAVE_INTTYPES_H 1
| #define HAVE_STDINT_H 1
| #define HAVE_UNISTD_H 1
| #define HAVE_DLFCN_H 1
| /* end confdefs.h.  */
| #include <ac_nonexistent.h>
configure:5802: result: g++ -E
configure:5831: g++ -E  conftest.cpp
configure:5837: $? = 0
configure:5868: g++ -E  conftest.cpp
conftest.cpp:19:10: fatal error: 'ac_nonexistent.h' file not found
#include <ac_nonexistent.h>
         ^
1 error generated.
configure:5874: $? = 1
configure: failed program was:
| /* confdefs.h.  */
| #define PACKAGE_NAME "FTGL"
| #define PACKAGE_TARNAME "ftgl"
| #define PACKAGE_VERSION "2.1.3~rc5"
| #define PACKAGE_STRING "FTGL 2.1.3~rc5"
| #define PACKAGE_BUGREPORT "sam@zoy.org"
| #define STDC_HEADERS 1
| #define HAVE_SYS_TYPES_H 1
| #define HAVE_SYS_STAT_H 1
| #define HAVE_STDLIB_H 1
| #define HAVE_STRING_H 1
| #define HAVE_MEMORY_H 1
| #define HAVE_STRINGS_H 1
| #define HAVE_INTTYPES_H 1
| #define HAVE_STDINT_H 1
| #define HAVE_UNISTD_H 1
| #define HAVE_DLFCN_H 1
| /* end confdefs.h.  */
| #include <ac_nonexistent.h>
configure:5967: checking for g77
configure:5997: result: no
configure:5967: checking for xlf
configure:5997: result: no
configure:5967: checking for f77
configure:5997: result: no
configure:5967: checking for frt
configure:5997: result: no
configure:5967: checking for pgf77
configure:5997: result: no
configure:5967: checking for cf77
configure:5997: result: no
configure:5967: checking for fort77
configure:5997: result: no
configure:5967: checking for fl32
configure:5997: result: no
configure:5967: checking for af77
configure:5997: result: no
configure:5967: checking for xlf90
configure:5997: result: no
configure:5967: checking for f90
configure:5997: result: no
configure:5967: checking for pgf90
configure:5997: result: no
configure:5967: checking for pghpf
configure:5997: result: no
configure:5967: checking for epcf90
configure:5997: result: no
configure:5967: checking for gfortran
configure:5997: result: no
configure:5967: checking for g95
configure:5997: result: no
configure:5967: checking for xlf95
configure:5997: result: no
configure:5967: checking for f95
configure:5997: result: no
configure:5967: checking for fort
configure:5997: result: no
configure:5967: checking for ifort
configure:5997: result: no
configure:5967: checking for ifc
configure:5997: result: no
configure:5967: checking for efc
configure:5997: result: no
configure:5967: checking for pgf95
configure:5997: result: no
configure:5967: checking for lf95
configure:5997: result: no
configure:5967: checking for ftn
configure:5997: result: no
configure:6024: checking for Fortran 77 compiler version
configure:6031:  --version >&5
./configure: line 6032: --version: command not found
configure:6034: $? = 127
configure:6041:  -v >&5
./configure: line 6042: -v: command not found
configure:6044: $? = 127
configure:6051:  -V >&5
./configure: line 6052: -V: command not found
configure:6054: $? = 127
configure:6062: checking whether we are using the GNU Fortran 77 compiler
configure:6081:  -c  conftest.F >&5
./configure: line 6082: -c: command not found
configure:6087: $? = 127
configure: failed program was:
|       program main
| #ifndef __GNUC__
|        choke me
| #endif
| 
|       end
configure:6104: result: no
configure:6110: checking whether  accepts -g
configure:6127:  -c -g conftest.f >&5
./configure: line 6128: -c: command not found
configure:6133: $? = 127
configure: failed program was:
|       program main
| 
|       end
configure:6149: result: no
configure:6178: checking the maximum length of command line arguments
configure:6290: result: 196608
configure:6302: checking command to parse /usr/bin/nm output from gcc object
configure:6407: gcc -c -g -O2  conftest.c >&5
configure:6410: $? = 0
configure:6414: /usr/bin/nm conftest.o \| sed -n -e 's/^.*[ 	]\([BCDEGRST][BCDEGRST]*\)[ 	][ 	]*\([_A-Za-z][_A-Za-z0-9]*\)$/\1 \2 \2/p' \> conftest.nm
configure:6417: $? = 0
cannot find nm_test_var in conftest.nm
configure:6407: gcc -c -g -O2  conftest.c >&5
configure:6410: $? = 0
configure:6414: /usr/bin/nm conftest.o \| sed -n -e 's/^.*[ 	]\([BCDEGRST][BCDEGRST]*\)[ 	][ 	]*_\([_A-Za-z][_A-Za-z0-9]*\)$/\1 _\2 \2/p' \> conftest.nm
configure:6417: $? = 0
configure:6469: gcc -o conftest -g -O2   conftest.c conftstm.o >&5
configure:6472: $? = 0
configure:6510: result: ok
configure:6514: checking for objdir
configure:6529: result: .libs
configure:6621: checking for ar
configure:6637: found /usr/bin/ar
configure:6648: result: ar
configure:6717: checking for ranlib
configure:6733: found /usr/bin/ranlib
configure:6744: result: ranlib
configure:6813: checking for strip
configure:6829: found /usr/bin/strip
configure:6840: result: strip
configure:7097: checking for dsymutil
configure:7113: found /usr/bin/dsymutil
configure:7124: result: dsymutil
configure:7193: checking for nmedit
configure:7209: found /usr/bin/nmedit
configure:7220: result: nmedit
configure:7247: checking for -single_module linker flag
configure:7268: result: yes
configure:7270: checking for -exported_symbols_list linker flag
configure:7300: gcc -o conftest -g -O2   -Wl,-exported_symbols_list,conftest.sym conftest.c  >&5
configure:7306: $? = 0
configure:7325: result: yes
configure:7438: checking if gcc supports -fno-rtti -fno-exceptions
configure:7456: gcc -c -g -O2  -fno-rtti -fno-exceptions conftest.c >&5
configure:7460: $? = 0
configure:7473: result: yes
configure:7488: checking for gcc option to produce PIC
configure:7720: result: -fno-common
configure:7728: checking if gcc PIC flag -fno-common works
configure:7746: gcc -c -g -O2  -fno-common -DPIC conftest.c >&5
configure:7750: $? = 0
configure:7763: result: yes
configure:7791: checking if gcc static flag -static works
configure:7819: result: no
configure:7829: checking if gcc supports -c -o file.o
configure:7850: gcc -c -g -O2  -o out/conftest2.o conftest.c >&5
configure:7854: $? = 0
configure:7876: result: yes
configure:7902: checking whether the gcc linker (/Applications/Xcode.app/Contents/Developer/Toolchains/XcodeDefault.xctoolchain/usr/bin/ld) supports shared libraries
configure:8883: result: yes
configure:8950: checking dynamic linker characteristics
configure:9564: result: darwin13.1.0 dyld
configure:9588: checking how to hardcode library paths into programs
configure:9613: result: immediate
configure:9627: checking whether stripping libraries is possible
configure:9641: result: yes
configure:10434: checking if libtool supports shared libraries
configure:10436: result: yes
configure:10439: checking whether to build shared libraries
configure:10460: result: yes
configure:10463: checking whether to build static libraries
configure:10467: result: yes
configure:10561: creating libtool
configure:11154: checking for ld used by g++
configure:11221: result: /Applications/Xcode.app/Contents/Developer/Toolchains/XcodeDefault.xctoolchain/usr/bin/ld
configure:11230: checking if the linker (/Applications/Xcode.app/Contents/Developer/Toolchains/XcodeDefault.xctoolchain/usr/bin/ld) is GNU ld
configure:11245: result: no
configure:11296: checking whether the g++ linker (/Applications/Xcode.app/Contents/Developer/Toolchains/XcodeDefault.xctoolchain/usr/bin/ld) supports shared libraries
configure:12242: result: yes
configure:12259: g++ -c -g -O2  conftest.cpp >&5
configure:12262: $? = 0
configure:12418: checking for g++ option to produce PIC
configure:12702: result: -fno-common
configure:12710: checking if g++ PIC flag -fno-common works
configure:12728: g++ -c -g -O2  -fno-common -DPIC conftest.cpp >&5
configure:12732: $? = 0
configure:12745: result: yes
configure:12773: checking if g++ static flag -static works
configure:12801: result: no
configure:12811: checking if g++ supports -c -o file.o
configure:12832: g++ -c -g -O2  -o out/conftest2.o conftest.cpp >&5
configure:12836: $? = 0
configure:12858: result: yes
configure:12884: checking whether the g++ linker (/Applications/Xcode.app/Contents/Developer/Toolchains/XcodeDefault.xctoolchain/usr/bin/ld) supports shared libraries
configure:12913: result: yes
configure:12980: checking dynamic linker characteristics
configure:13542: result: darwin13.1.0 dyld
configure:13566: checking how to hardcode library paths into programs
configure:13591: result: immediate
configure:19851: checking for a BSD-compatible install
configure:19907: result: /usr/bin/install -c
configure:19922: checking whether gcc and cc understand -c and -o together
configure:19957: gcc -c conftest.c -o conftest2.o >&5
configure:19960: $? = 0
configure:19966: gcc -c conftest.c -o conftest2.o >&5
configure:19969: $? = 0
configure:19980: cc -c conftest.c >&5
configure:19983: $? = 0
configure:19991: cc -c conftest.c -o conftest2.o >&5
configure:19994: $? = 0
configure:20000: cc -c conftest.c -o conftest2.o >&5
configure:20003: $? = 0
configure:20021: result: yes
configure:20049: checking for ANSI C header files
configure:20213: result: yes
configure:20224: checking for stdlib.h
configure:20229: result: yes
configure:20361: checking for wcsdup
configure:20417: gcc -o conftest -g -O2   conftest.c  >&5
configure:20423: $? = 0
configure:20441: result: yes
configure:20455: checking for strndup
configure:20511: gcc -o conftest -g -O2   conftest.c  >&5
conftest.c:44:6: warning: incompatible redeclaration of library function 'strndup' [-Wincompatible-library-redeclaration]
char strndup ();
     ^
conftest.c:44:6: note: 'strndup' is a builtin with type 'char *(const char *, unsigned long)'
1 warning generated.
configure:20517: $? = 0
configure:20535: result: yes
configure:20548: checking for X
configure:20663: gcc -E  conftest.c
conftest.c:22:10: fatal error: 'X11/Xlib.h' file not found
#include <X11/Xlib.h>
         ^
1 error generated.
configure:20669: $? = 1
configure: failed program was:
| /* confdefs.h.  */
| #define PACKAGE_NAME "FTGL"
| #define PACKAGE_TARNAME "ftgl"
| #define PACKAGE_VERSION "2.1.3~rc5"
| #define PACKAGE_STRING "FTGL 2.1.3~rc5"
| #define PACKAGE_BUGREPORT "sam@zoy.org"
| #define STDC_HEADERS 1
| #define HAVE_SYS_TYPES_H 1
| #define HAVE_SYS_STAT_H 1
| #define HAVE_STDLIB_H 1
| #define HAVE_STRING_H 1
| #define HAVE_MEMORY_H 1
| #define HAVE_STRINGS_H 1
| #define HAVE_INTTYPES_H 1
| #define HAVE_STDINT_H 1
| #define HAVE_UNISTD_H 1
| #define HAVE_DLFCN_H 1
| #define STDC_HEADERS 1
| #define HAVE_WCSDUP 1
| #define HAVE_STRNDUP 1
| /* end confdefs.h.  */
| #include <X11/Xlib.h>
configure:20718: gcc -o conftest -g -O2   conftest.c -lX11  >&5
conftest.c:22:10: fatal error: 'X11/Xlib.h' file not found
#include <X11/Xlib.h>
         ^
1 error generated.
configure:20724: $? = 1
configure: failed program was:
| /* confdefs.h.  */
| #define PACKAGE_NAME "FTGL"
| #define PACKAGE_TARNAME "ftgl"
| #define PACKAGE_VERSION "2.1.3~rc5"
| #define PACKAGE_STRING "FTGL 2.1.3~rc5"
| #define PACKAGE_BUGREPORT "sam@zoy.org"
| #define STDC_HEADERS 1
| #define HAVE_SYS_TYPES_H 1
| #define HAVE_SYS_STAT_H 1
| #define HAVE_STDLIB_H 1
| #define HAVE_STRING_H 1
| #define HAVE_MEMORY_H 1
| #define HAVE_STRINGS_H 1
| #define HAVE_INTTYPES_H 1
| #define HAVE_STDINT_H 1
| #define HAVE_UNISTD_H 1
| #define HAVE_DLFCN_H 1
| #define STDC_HEADERS 1
| #define HAVE_WCSDUP 1
| #define HAVE_STRNDUP 1
| /* end confdefs.h.  */
| #include <X11/Xlib.h>
| int
| main ()
| {
| XrmInitialize ()
|   ;
|   return 0;
| }
configure:20772: result: no
configure:20832: checking for freetype-config
configure:20850: found /opt/X11/bin/freetype-config
configure:20863: result: /opt/X11/bin/freetype-config
configure:20873: checking for FreeType -- version >= 9.0.3
configure:20964: gcc -o conftest -g -O2  -I/opt/X11/include/freetype2 -I/opt/X11/include  conftest.c -L/opt/X11/lib -lfreetype -lz -lbz2  >&5
configure:20967: $? = 0
configure:20973: ./conftest
configure:20976: $? = 0
configure:20999: result: yes
configure:22190: checking GL/gl.h usability
configure:22207: gcc -c -g -O2  conftest.c >&5
conftest.c:56:10: fatal error: 'GL/gl.h' file not found
#include <GL/gl.h>
         ^
1 error generated.
configure:22213: $? = 1
configure: failed program was:
| /* confdefs.h.  */
| #define PACKAGE_NAME "FTGL"
| #define PACKAGE_TARNAME "ftgl"
| #define PACKAGE_VERSION "2.1.3~rc5"
| #define PACKAGE_STRING "FTGL 2.1.3~rc5"
| #define PACKAGE_BUGREPORT "sam@zoy.org"
| #define STDC_HEADERS 1
| #define HAVE_SYS_TYPES_H 1
| #define HAVE_SYS_STAT_H 1
| #define HAVE_STDLIB_H 1
| #define HAVE_STRING_H 1
| #define HAVE_MEMORY_H 1
| #define HAVE_STRINGS_H 1
| #define HAVE_INTTYPES_H 1
| #define HAVE_STDINT_H 1
| #define HAVE_UNISTD_H 1
| #define HAVE_DLFCN_H 1
| #define STDC_HEADERS 1
| #define HAVE_WCSDUP 1
| #define HAVE_STRNDUP 1
| #define X_DISPLAY_MISSING 1
| /* end confdefs.h.  */
| #include <stdio.h>
| #ifdef HAVE_SYS_TYPES_H
| # include <sys/types.h>
| #endif
| #ifdef HAVE_SYS_STAT_H
| # include <sys/stat.h>
| #endif
| #ifdef STDC_HEADERS
| # include <stdlib.h>
| # include <stddef.h>
| #else
| # ifdef HAVE_STDLIB_H
| #  include <stdlib.h>
| # endif
| #endif
| #ifdef HAVE_STRING_H
| # if !defined STDC_HEADERS && defined HAVE_MEMORY_H
| #  include <memory.h>
| # endif
| # include <string.h>
| #endif
| #ifdef HAVE_STRINGS_H
| # include <strings.h>
| #endif
| #ifdef HAVE_INTTYPES_H
| # include <inttypes.h>
| #endif
| #ifdef HAVE_STDINT_H
| # include <stdint.h>
| #endif
| #ifdef HAVE_UNISTD_H
| # include <unistd.h>
| #endif
| #include <GL/gl.h>
configure:22227: result: no
configure:22231: checking GL/gl.h presence
configure:22246: gcc -E  conftest.c
conftest.c:23:10: fatal error: 'GL/gl.h' file not found
#include <GL/gl.h>
         ^
1 error generated.
configure:22252: $? = 1
configure: failed program was:
| /* confdefs.h.  */
| #define PACKAGE_NAME "FTGL"
| #define PACKAGE_TARNAME "ftgl"
| #define PACKAGE_VERSION "2.1.3~rc5"
| #define PACKAGE_STRING "FTGL 2.1.3~rc5"
| #define PACKAGE_BUGREPORT "sam@zoy.org"
| #define STDC_HEADERS 1
| #define HAVE_SYS_TYPES_H 1
| #define HAVE_SYS_STAT_H 1
| #define HAVE_STDLIB_H 1
| #define HAVE_STRING_H 1
| #define HAVE_MEMORY_H 1
| #define HAVE_STRINGS_H 1
| #define HAVE_INTTYPES_H 1
| #define HAVE_STDINT_H 1
| #define HAVE_UNISTD_H 1
| #define HAVE_DLFCN_H 1
| #define STDC_HEADERS 1
| #define HAVE_WCSDUP 1
| #define HAVE_STRNDUP 1
| #define X_DISPLAY_MISSING 1
| /* end confdefs.h.  */
| #include <GL/gl.h>
configure:22266: result: no
configure:22299: checking for GL/gl.h
configure:22306: result: no
configure:22328: checking OpenGL/gl.h usability
configure:22345: gcc -c -g -O2  conftest.c >&5
configure:22351: $? = 0
configure:22365: result: yes
configure:22369: checking OpenGL/gl.h presence
configure:22384: gcc -E  conftest.c
configure:22390: $? = 0
configure:22404: result: yes
configure:22437: checking for OpenGL/gl.h
configure:22444: result: yes
configure:22468: checking for OpenGL framework (Darwin-specific)
configure:22495: gcc -o conftest -g -O2   conftest.c  -Xlinker -framework -Xlinker OpenGL >&5
configure:22501: $? = 0
configure:22507: result: yes
configure:22523: checking for GL library
configure:22562: gcc -o conftest -g -O2   conftest.c -Xlinker -framework -Xlinker OpenGL >&5
configure:22568: $? = 0
configure:22640: result: yes
configure:22661: checking GL/glu.h usability
configure:22678: gcc -c -g -O2  conftest.c >&5
conftest.c:57:10: fatal error: 'GL/glu.h' file not found
#include <GL/glu.h>
         ^
1 error generated.
configure:22684: $? = 1
configure: failed program was:
| /* confdefs.h.  */
| #define PACKAGE_NAME "FTGL"
| #define PACKAGE_TARNAME "ftgl"
| #define PACKAGE_VERSION "2.1.3~rc5"
| #define PACKAGE_STRING "FTGL 2.1.3~rc5"
| #define PACKAGE_BUGREPORT "sam@zoy.org"
| #define STDC_HEADERS 1
| #define HAVE_SYS_TYPES_H 1
| #define HAVE_SYS_STAT_H 1
| #define HAVE_STDLIB_H 1
| #define HAVE_STRING_H 1
| #define HAVE_MEMORY_H 1
| #define HAVE_STRINGS_H 1
| #define HAVE_INTTYPES_H 1
| #define HAVE_STDINT_H 1
| #define HAVE_UNISTD_H 1
| #define HAVE_DLFCN_H 1
| #define STDC_HEADERS 1
| #define HAVE_WCSDUP 1
| #define HAVE_STRNDUP 1
| #define X_DISPLAY_MISSING 1
| #define HAVE_OPENGL_GL_H 1
| /* end confdefs.h.  */
| #include <stdio.h>
| #ifdef HAVE_SYS_TYPES_H
| # include <sys/types.h>
| #endif
| #ifdef HAVE_SYS_STAT_H
| # include <sys/stat.h>
| #endif
| #ifdef STDC_HEADERS
| # include <stdlib.h>
| # include <stddef.h>
| #else
| # ifdef HAVE_STDLIB_H
| #  include <stdlib.h>
| # endif
| #endif
| #ifdef HAVE_STRING_H
| # if !defined STDC_HEADERS && defined HAVE_MEMORY_H
| #  include <memory.h>
| # endif
| # include <string.h>
| #endif
| #ifdef HAVE_STRINGS_H
| # include <strings.h>
| #endif
| #ifdef HAVE_INTTYPES_H
| # include <inttypes.h>
| #endif
| #ifdef HAVE_STDINT_H
| # include <stdint.h>
| #endif
| #ifdef HAVE_UNISTD_H
| # include <unistd.h>
| #endif
| #include <GL/glu.h>
configure:22698: result: no
configure:22702: checking GL/glu.h presence
configure:22717: gcc -E  conftest.c
conftest.c:24:10: fatal error: 'GL/glu.h' file not found
#include <GL/glu.h>
         ^
1 error generated.
configure:22723: $? = 1
configure: failed program was:
| /* confdefs.h.  */
| #define PACKAGE_NAME "FTGL"
| #define PACKAGE_TARNAME "ftgl"
| #define PACKAGE_VERSION "2.1.3~rc5"
| #define PACKAGE_STRING "FTGL 2.1.3~rc5"
| #define PACKAGE_BUGREPORT "sam@zoy.org"
| #define STDC_HEADERS 1
| #define HAVE_SYS_TYPES_H 1
| #define HAVE_SYS_STAT_H 1
| #define HAVE_STDLIB_H 1
| #define HAVE_STRING_H 1
| #define HAVE_MEMORY_H 1
| #define HAVE_STRINGS_H 1
| #define HAVE_INTTYPES_H 1
| #define HAVE_STDINT_H 1
| #define HAVE_UNISTD_H 1
| #define HAVE_DLFCN_H 1
| #define STDC_HEADERS 1
| #define HAVE_WCSDUP 1
| #define HAVE_STRNDUP 1
| #define X_DISPLAY_MISSING 1
| #define HAVE_OPENGL_GL_H 1
| /* end confdefs.h.  */
| #include <GL/glu.h>
configure:22737: result: no
configure:22770: checking for GL/glu.h
configure:22777: result: no
configure:22799: checking OpenGL/glu.h usability
configure:22816: gcc -c -g -O2  conftest.c >&5
configure:22822: $? = 0
configure:22836: result: yes
configure:22840: checking OpenGL/glu.h presence
configure:22855: gcc -E  conftest.c
configure:22861: $? = 0
configure:22875: result: yes
configure:22908: checking for OpenGL/glu.h
configure:22915: result: yes
configure:22938: checking for GLU version >= 1.2
configure:22972: gcc -c -g -O2  conftest.c >&5
configure:22978: $? = 0
configure:22983: result: yes
configure:23193: checking GL/glut.h usability
configure:23210: gcc -c -g -O2  conftest.c >&5
conftest.c:58:10: fatal error: 'GL/glut.h' file not found
#include <GL/glut.h>
         ^
1 error generated.
configure:23216: $? = 1
configure: failed program was:
| /* confdefs.h.  */
| #define PACKAGE_NAME "FTGL"
| #define PACKAGE_TARNAME "ftgl"
| #define PACKAGE_VERSION "2.1.3~rc5"
| #define PACKAGE_STRING "FTGL 2.1.3~rc5"
| #define PACKAGE_BUGREPORT "sam@zoy.org"
| #define STDC_HEADERS 1
| #define HAVE_SYS_TYPES_H 1
| #define HAVE_SYS_STAT_H 1
| #define HAVE_STDLIB_H 1
| #define HAVE_STRING_H 1
| #define HAVE_MEMORY_H 1
| #define HAVE_STRINGS_H 1
| #define HAVE_INTTYPES_H 1
| #define HAVE_STDINT_H 1
| #define HAVE_UNISTD_H 1
| #define HAVE_DLFCN_H 1
| #define STDC_HEADERS 1
| #define HAVE_WCSDUP 1
| #define HAVE_STRNDUP 1
| #define X_DISPLAY_MISSING 1
| #define HAVE_OPENGL_GL_H 1
| #define HAVE_OPENGL_GLU_H 1
| /* end confdefs.h.  */
| #include <stdio.h>
| #ifdef HAVE_SYS_TYPES_H
| # include <sys/types.h>
| #endif
| #ifdef HAVE_SYS_STAT_H
| # include <sys/stat.h>
| #endif
| #ifdef STDC_HEADERS
| # include <stdlib.h>
| # include <stddef.h>
| #else
| # ifdef HAVE_STDLIB_H
| #  include <stdlib.h>
| # endif
| #endif
| #ifdef HAVE_STRING_H
| # if !defined STDC_HEADERS && defined HAVE_MEMORY_H
| #  include <memory.h>
| # endif
| # include <string.h>
| #endif
| #ifdef HAVE_STRINGS_H
| # include <strings.h>
| #endif
| #ifdef HAVE_INTTYPES_H
| # include <inttypes.h>
| #endif
| #ifdef HAVE_STDINT_H
| # include <stdint.h>
| #endif
| #ifdef HAVE_UNISTD_H
| # include <unistd.h>
| #endif
| #include <GL/glut.h>
configure:23230: result: no
configure:23234: checking GL/glut.h presence
configure:23249: gcc -E  conftest.c
conftest.c:25:10: fatal error: 'GL/glut.h' file not found
#include <GL/glut.h>
         ^
1 error generated.
configure:23255: $? = 1
configure: failed program was:
| /* confdefs.h.  */
| #define PACKAGE_NAME "FTGL"
| #define PACKAGE_TARNAME "ftgl"
| #define PACKAGE_VERSION "2.1.3~rc5"
| #define PACKAGE_STRING "FTGL 2.1.3~rc5"
| #define PACKAGE_BUGREPORT "sam@zoy.org"
| #define STDC_HEADERS 1
| #define HAVE_SYS_TYPES_H 1
| #define HAVE_SYS_STAT_H 1
| #define HAVE_STDLIB_H 1
| #define HAVE_STRING_H 1
| #define HAVE_MEMORY_H 1
| #define HAVE_STRINGS_H 1
| #define HAVE_INTTYPES_H 1
| #define HAVE_STDINT_H 1
| #define HAVE_UNISTD_H 1
| #define HAVE_DLFCN_H 1
| #define STDC_HEADERS 1
| #define HAVE_WCSDUP 1
| #define HAVE_STRNDUP 1
| #define X_DISPLAY_MISSING 1
| #define HAVE_OPENGL_GL_H 1
| #define HAVE_OPENGL_GLU_H 1
| /* end confdefs.h.  */
| #include <GL/glut.h>
configure:23269: result: no
configure:23302: checking for GL/glut.h
configure:23310: result: no
configure:23335: checking GLUT/glut.h usability
configure:23352: gcc -c -g -O2  conftest.c >&5
configure:23358: $? = 0
configure:23372: result: yes
configure:23376: checking GLUT/glut.h presence
configure:23391: gcc -E  conftest.c
configure:23397: $? = 0
configure:23411: result: yes
configure:23444: checking for GLUT/glut.h
configure:23452: result: yes
configure:23474: checking for GLUT library
configure:23514: gcc -o conftest -g -O2   conftest.c -lglut >&5
ld: library not found for -lglut
clang: error: linker command failed with exit code 1 (use -v to see invocation)
configure:23520: $? = 1
configure: failed program was:
| /* confdefs.h.  */
| #define PACKAGE_NAME "FTGL"
| #define PACKAGE_TARNAME "ftgl"
| #define PACKAGE_VERSION "2.1.3~rc5"
| #define PACKAGE_STRING "FTGL 2.1.3~rc5"
| #define PACKAGE_BUGREPORT "sam@zoy.org"
| #define STDC_HEADERS 1
| #define HAVE_SYS_TYPES_H 1
| #define HAVE_SYS_STAT_H 1
| #define HAVE_STDLIB_H 1
| #define HAVE_STRING_H 1
| #define HAVE_MEMORY_H 1
| #define HAVE_STRINGS_H 1
| #define HAVE_INTTYPES_H 1
| #define HAVE_STDINT_H 1
| #define HAVE_UNISTD_H 1
| #define HAVE_DLFCN_H 1
| #define STDC_HEADERS 1
| #define HAVE_WCSDUP 1
| #define HAVE_STRNDUP 1
| #define X_DISPLAY_MISSING 1
| #define HAVE_OPENGL_GL_H 1
| #define HAVE_OPENGL_GLU_H 1
| #define HAVE_GLUT_GLUT_H 1
| /* end confdefs.h.  */
| 
| /* Override any GCC internal prototype to avoid an error.
|    Use char because int might match the return type of a GCC
|    builtin and then its argument prototype would still apply.  */
| #ifdef __cplusplus
| extern "C"
| #endif
| char glutInit ();
| int
| main ()
| {
| return glutInit ();
|   ;
|   return 0;
| }
configure:23567: gcc -o conftest -g -O2   conftest.c -lglut -Xlinker -framework -Xlinker OpenGL >&5
ld: library not found for -lglut
clang: error: linker command failed with exit code 1 (use -v to see invocation)
configure:23573: $? = 1
configure: failed program was:
| /* confdefs.h.  */
| #define PACKAGE_NAME "FTGL"
| #define PACKAGE_TARNAME "ftgl"
| #define PACKAGE_VERSION "2.1.3~rc5"
| #define PACKAGE_STRING "FTGL 2.1.3~rc5"
| #define PACKAGE_BUGREPORT "sam@zoy.org"
| #define STDC_HEADERS 1
| #define HAVE_SYS_TYPES_H 1
| #define HAVE_SYS_STAT_H 1
| #define HAVE_STDLIB_H 1
| #define HAVE_STRING_H 1
| #define HAVE_MEMORY_H 1
| #define HAVE_STRINGS_H 1
| #define HAVE_INTTYPES_H 1
| #define HAVE_STDINT_H 1
| #define HAVE_UNISTD_H 1
| #define HAVE_DLFCN_H 1
| #define STDC_HEADERS 1
| #define HAVE_WCSDUP 1
| #define HAVE_STRNDUP 1
| #define X_DISPLAY_MISSING 1
| #define HAVE_OPENGL_GL_H 1
| #define HAVE_OPENGL_GLU_H 1
| #define HAVE_GLUT_GLUT_H 1
| /* end confdefs.h.  */
| 
| /* Override any GCC internal prototype to avoid an error.
|    Use char because int might match the return type of a GCC
|    builtin and then its argument prototype would still apply.  */
| #ifdef __cplusplus
| extern "C"
| #endif
| char glutInit ();
| int
| main ()
| {
| return glutInit ();
|   ;
|   return 0;
| }
configure:23677: gcc -o conftest -g -O2   conftest.c -Xlinker -framework -Xlinker OpenGL -Xlinker -framework -Xlinker GLUT >&5
configure:23683: $? = 0
configure:23702: result: yes
configure:23739: checking for a TrueType font on the system
configure:23773: result: /opt/X11/share/fonts/TTF/VeraSe.ttf
configure:23826: checking for pkg-config
configure:23844: found /opt/local/bin/pkg-config
configure:23856: result: /opt/local/bin/pkg-config
configure:23885: checking pkg-config is at least version 0.9.0
configure:23888: result: yes
configure:23899: checking for CPPUNIT
configure:23907: $PKG_CONFIG --exists --print-errors "cppunit"
Package cppunit was not found in the pkg-config search path.
Perhaps you should add the directory containing `cppunit.pc'
to the PKG_CONFIG_PATH environment variable
No package 'cppunit' found
configure:23910: $? = 1
configure:23925: $PKG_CONFIG --exists --print-errors "cppunit"
Package cppunit was not found in the pkg-config search path.
Perhaps you should add the directory containing `cppunit.pc'
to the PKG_CONFIG_PATH environment variable
No package 'cppunit' found
configure:23928: $? = 1
No package 'cppunit' found
configure:23966: result: no
configure:23986: checking for doxygen
configure:24004: found /usr/local/bin/doxygen
configure:24017: result: /usr/local/bin/doxygen
configure:24037: checking for pdflatex
configure:24055: found /usr/texbin/pdflatex
configure:24068: result: /usr/texbin/pdflatex
configure:24078: checking for kpsewhich
configure:24096: found /usr/texbin/kpsewhich
configure:24109: result: /usr/texbin/kpsewhich
configure:24119: checking for dvips
configure:24137: found /usr/texbin/dvips
configure:24150: result: /usr/texbin/dvips
configure:24160: checking for convert
configure:24178: found /usr/local/bin/convert
configure:24191: result: /usr/local/bin/convert
configure:24201: checking for epstopdf
configure:24219: found /Users/fober/bin/epstopdf
configure:24232: result: /Users/fober/bin/epstopdf
configure:24245: checking for a4.sty and a4wide.sty
configure:24249: result: yes
configure:24424: creating ./config.status

## ---------------------- ##
## Running config.status. ##
## ---------------------- ##

This file was extended by FTGL config.status 2.1.3~rc5, which was
generated by GNU Autoconf 2.61.  Invocation command line was

  CONFIG_FILES    = 
  CONFIG_HEADERS  = 
  CONFIG_LINKS    = 
  CONFIG_COMMANDS = 
  $ ./config.status 

on marcopolo.local

config.status:705: creating ftgl.pc
config.status:705: creating Makefile
config.status:705: creating demo/Makefile
config.status:705: creating docs/Makefile
config.status:705: creating docs/doxygen.cfg
config.status:705: creating msvc/Makefile
config.status:705: creating src/Makefile
config.status:705: creating test/Makefile
config.status:705: creating config.h
config.status:985: executing depfiles commands
configure:25753: result: Done.
configure:25755: result: 
configure:25757: result: FTGL configured with the following settings:
configure:25759: result: 
configure:25761: result:              Prefix: /usr/local
configure:25763: result:            Binaries: /usr/local/bin
configure:25765: result: Configuration files: /usr/local/etc
configure:25767: result:          Data files: /usr/local/share
configure:25769: result: 
configure:25771: result: CC       = gcc
configure:25773: result: CXX      = g++
configure:25776: result: CFLAGS   = -g -O2 -Waggregate-return -Wstrict-prototypes -Wmissing-prototypes -Wnested-externs
configure:25780: result: CXXFLAGS = -g -O2
configure:25784: result: CPPFLAGS =  -I${top_srcdir}/src -Wall -Wpointer-arith -Wcast-align -Wcast-qual -Wshadow -Wsign-compare
configure:25795: result: 
configure:25797: result: ---
configure:25799: result: ./configure complete, type 'make' to begin building
configure:25801: result: 

## ---------------- ##
## Cache variables. ##
## ---------------- ##

ac_cv_build=i386-apple-darwin13.1.0
ac_cv_c_compiler_gnu=yes
ac_cv_cxx_compiler_gnu=yes
ac_cv_env_CCC_set=
ac_cv_env_CCC_value=
ac_cv_env_CC_set=
ac_cv_env_CC_value=
ac_cv_env_CFLAGS_set=
ac_cv_env_CFLAGS_value=
ac_cv_env_CPPFLAGS_set=
ac_cv_env_CPPFLAGS_value=
ac_cv_env_CPPUNIT_CFLAGS_set=
ac_cv_env_CPPUNIT_CFLAGS_value=
ac_cv_env_CPPUNIT_LIBS_set=
ac_cv_env_CPPUNIT_LIBS_value=
ac_cv_env_CPP_set=
ac_cv_env_CPP_value=
ac_cv_env_CXXCPP_set=
ac_cv_env_CXXCPP_value=
ac_cv_env_CXXFLAGS_set=
ac_cv_env_CXXFLAGS_value=
ac_cv_env_CXX_set=
ac_cv_env_CXX_value=
ac_cv_env_F77_set=
ac_cv_env_F77_value=
ac_cv_env_FFLAGS_set=
ac_cv_env_FFLAGS_value=
ac_cv_env_LDFLAGS_set=
ac_cv_env_LDFLAGS_value=
ac_cv_env_LIBS_set=
ac_cv_env_LIBS_value=
ac_cv_env_PKG_CONFIG_set=
ac_cv_env_PKG_CONFIG_value=
ac_cv_env_XMKMF_set=
ac_cv_env_XMKMF_value=
ac_cv_env_build_alias_set=
ac_cv_env_build_alias_value=
ac_cv_env_host_alias_set=
ac_cv_env_host_alias_value=
ac_cv_env_target_alias_set=
ac_cv_env_target_alias_value=
ac_cv_f77_compiler_gnu=no
ac_cv_func_strndup=yes
ac_cv_func_wcsdup=yes
ac_cv_have_glut=yes
ac_cv_have_x=have_x=no
ac_cv_header_GLUT_glut_h=yes
ac_cv_header_GL_gl_h=no
ac_cv_header_GL_glu_h=no
ac_cv_header_GL_glut_h=no
ac_cv_header_OpenGL_gl_h=yes
ac_cv_header_OpenGL_glu_h=yes
ac_cv_header_dlfcn_h=yes
ac_cv_header_inttypes_h=yes
ac_cv_header_memory_h=yes
ac_cv_header_stdc=yes
ac_cv_header_stdint_h=yes
ac_cv_header_stdlib_h=yes
ac_cv_header_string_h=yes
ac_cv_header_strings_h=yes
ac_cv_header_sys_stat_h=yes
ac_cv_header_sys_types_h=yes
ac_cv_header_unistd_h=yes
ac_cv_host=i386-apple-darwin13.1.0
ac_cv_objext=o
ac_cv_path_CONVERT=/usr/local/bin/convert
ac_cv_path_DOXYGEN=/usr/local/bin/doxygen
ac_cv_path_DVIPS=/usr/texbin/dvips
ac_cv_path_EGREP='/usr/bin/grep -E'
ac_cv_path_EPSTOPDF=/Users/fober/bin/epstopdf
ac_cv_path_FT2_CONFIG=/opt/X11/bin/freetype-config
ac_cv_path_GREP=/usr/bin/grep
ac_cv_path_KPSEWHICH=/usr/texbin/kpsewhich
ac_cv_path_LATEX=/usr/texbin/pdflatex
ac_cv_path_ac_pt_PKG_CONFIG=/opt/local/bin/pkg-config
ac_cv_path_install='/usr/bin/install -c'
ac_cv_path_mkdir=/opt/local/bin/gmkdir
ac_cv_prog_AWK=awk
ac_cv_prog_CPP='gcc -E'
ac_cv_prog_CXXCPP='g++ -E'
ac_cv_prog_ac_ct_AR=ar
ac_cv_prog_ac_ct_CC=gcc
ac_cv_prog_ac_ct_CXX=g++
ac_cv_prog_ac_ct_DSYMUTIL=dsymutil
ac_cv_prog_ac_ct_NMEDIT=nmedit
ac_cv_prog_ac_ct_RANLIB=ranlib
ac_cv_prog_ac_ct_STRIP=strip
ac_cv_prog_cc_c89=
ac_cv_prog_cc_g=yes
ac_cv_prog_cc_gcc_c_o=yes
ac_cv_prog_cxx_g=yes
ac_cv_prog_f77_g=no
ac_cv_prog_make_make_set=yes
ac_cv_search_glBegin='-Xlinker -framework -Xlinker OpenGL'
am_cv_CC_dependencies_compiler_type=gcc3
am_cv_CXX_dependencies_compiler_type=gcc3
lt_cv_apple_cc_single_mod=yes
lt_cv_deplibs_check_method=pass_all
lt_cv_file_magic_cmd='$MAGIC_CMD'
lt_cv_file_magic_test_file=
lt_cv_ld_exported_symbols_list=yes
lt_cv_ld_reload_flag=-r
lt_cv_objdir=.libs
lt_cv_path_LD=/Applications/Xcode.app/Contents/Developer/Toolchains/XcodeDefault.xctoolchain/usr/bin/ld
lt_cv_path_LDCXX=/Applications/Xcode.app/Contents/Developer/Toolchains/XcodeDefault.xctoolchain/usr/bin/ld
lt_cv_path_NM=/usr/bin/nm
lt_cv_path_SED=/opt/local/bin/gsed
lt_cv_prog_compiler_c_o=yes
lt_cv_prog_compiler_c_o_CXX=yes
lt_cv_prog_compiler_pic_works=yes
lt_cv_prog_compiler_pic_works_CXX=yes
lt_cv_prog_compiler_rtti_exceptions=yes
lt_cv_prog_compiler_static_works=no
lt_cv_prog_compiler_static_works_CXX=no
lt_cv_prog_gnu_ld=no
lt_cv_prog_gnu_ldcxx=no
lt_cv_sys_global_symbol_pipe='sed -n -e '\''s/^.*[ 	]\([BCDEGRST][BCDEGRST]*\)[ 	][ 	]*_\([_A-Za-z][_A-Za-z0-9]*\)$/\1 _\2 \2/p'\'''
lt_cv_sys_global_symbol_to_c_name_address='sed -n -e '\''s/^: \([^ ]*\) $/  {\"\1\", (lt_ptr) 0},/p'\'' -e '\''s/^[BCDEGRST] \([^ ]*\) \([^ ]*\)$/  {"\2", (lt_ptr) \&\2},/p'\'''
lt_cv_sys_global_symbol_to_cdecl='sed -n -e '\''s/^. .* \(.*\)$/extern int \1;/p'\'''
lt_cv_sys_lib_dlsearch_path_spec='/usr/local/lib /lib /usr/lib'
lt_cv_sys_lib_search_path_spec='/Applications/Xcode.app/Contents/Developer/Toolchains/XcodeDefault.xctoolchain/usr/lib/clang/5.1 /usr/local/lib'
lt_cv_sys_max_cmd_len=196608
lt_lt_cv_prog_compiler_c_o='"yes"'
lt_lt_cv_prog_compiler_c_o_CXX='"yes"'
lt_lt_cv_sys_global_symbol_pipe='"sed -n -e '\''s/^.*[ 	]\\([BCDEGRST][BCDEGRST]*\\)[ 	][ 	]*_\\([_A-Za-z][_A-Za-z0-9]*\\)\$/\\1 _\\2 \\2/p'\''"'
lt_lt_cv_sys_global_symbol_to_c_name_address='"sed -n -e '\''s/^: \\([^ ]*\\) \$/  {\\\"\\1\\\", (lt_ptr) 0},/p'\'' -e '\''s/^[BCDEGRST] \\([^ ]*\\) \\([^ ]*\\)\$/  {\"\\2\", (lt_ptr) \\&\\2},/p'\''"'
lt_lt_cv_sys_global_symbol_to_cdecl='"sed -n -e '\''s/^. .* \\(.*\\)\$/extern int \\1;/p'\''"'

## ----------------- ##
## Output variables. ##
## ----------------- ##

ACLOCAL='${SHELL} /Users/fober/Desktop/freetype/ftgl-2.1.3~rc5/.auto/missing --run aclocal-1.10'
AMDEPBACKSLASH='\'
AMDEP_FALSE='#'
AMDEP_TRUE=''
AMTAR='${SHELL} /Users/fober/Desktop/freetype/ftgl-2.1.3~rc5/.auto/missing --run tar'
AR='ar'
AUTOCONF='${SHELL} /Users/fober/Desktop/freetype/ftgl-2.1.3~rc5/.auto/missing --run autoconf'
AUTOHEADER='${SHELL} /Users/fober/Desktop/freetype/ftgl-2.1.3~rc5/.auto/missing --run autoheader'
AUTOMAKE='${SHELL} /Users/fober/Desktop/freetype/ftgl-2.1.3~rc5/.auto/missing --run automake-1.10'
AWK='awk'
CC='gcc'
CCDEPMODE='depmode=gcc3'
CFLAGS='-g -O2 -Waggregate-return -Wstrict-prototypes -Wmissing-prototypes -Wnested-externs'
CONVERT='/usr/local/bin/convert'
CPP='gcc -E'
CPPFLAGS=' -I${top_srcdir}/src -Wall -Wpointer-arith -Wcast-align -Wcast-qual -Wshadow -Wsign-compare'
CPPUNIT_CFLAGS=''
CPPUNIT_LIBS=''
CXX='g++'
CXXCPP='g++ -E'
CXXDEPMODE='depmode=gcc3'
CXXFLAGS='-g -O2'
CYGPATH_W='echo'
DEFS='-DHAVE_CONFIG_H'
DEPDIR='.deps'
DOXYGEN='/usr/local/bin/doxygen'
DSYMUTIL='dsymutil'
DVIPS='/usr/texbin/dvips'
ECHO='/bin/echo'
ECHO_C='ECHO_N=''
ECHO_T=''
EGREP='/usr/bin/grep -E'
EPSTOPDF='/Users/fober/bin/epstopdf'
EXEEXT=''
F77=''
FFLAGS=''
FRAMEWORK_OPENGL='-Xlinker -framework -Xlinker OpenGL'
FT2_CFLAGS='-I/opt/X11/include/freetype2 -I/opt/X11/include'
FT2_CONFIG='/opt/X11/bin/freetype-config'
FT2_LIBS='-L/opt/X11/lib -lfreetype -lz -lbz2'
GLUT_CFLAGS=''
GLUT_LIBS='-Xlinker -framework -Xlinker OpenGL -Xlinker -framework -Xlinker GLUT'
GL_CFLAGS=''
GL_LIBS='-Xlinker -framework -Xlinker OpenGL'
GREP='/usr/bin/grep'
HAVE_CPPUNIT_FALSE=''
HAVE_CPPUNIT_TRUE='#'
HAVE_DOXYGEN_FALSE='#'
HAVE_DOXYGEN_TRUE=''
HAVE_GLUT_FALSE='#'
HAVE_GLUT_TRUE=''
HAVE_LATEX_FALSE='#'
HAVE_LATEX_TRUE=''
INSTALL_DATA='${INSTALL} -m 644'
INSTALL_PROGRAM='${INSTALL}'
INSTALL_SCRIPT='${INSTALL}'
INSTALL_STRIP_PROGRAM='$(install_sh) -c -s'
KPSEWHICH='/usr/texbin/kpsewhich'
LATEX='/usr/texbin/pdflatex'
LDFLAGS=''
LIBOBJS=''
LIBS=''
LIBTOOL='$(SHELL) $(top_builddir)/libtool'
LN_S='ln -s'
LTLIBOBJS=''
LT_MAJOR='2'
LT_MICRO='3'
LT_MINOR='1'
LT_VERSION='2:1:3'
MAKEINFO='${SHELL} /Users/fober/Desktop/freetype/ftgl-2.1.3~rc5/.auto/missing --run makeinfo'
NMEDIT='nmedit'
OBJEXT='o'
PACKAGE='ftgl'
PACKAGE_BUGREPORT='sam@zoy.org'
PACKAGE_NAME='FTGL'
PACKAGE_STRING='FTGL 2.1.3~rc5'
PACKAGE_TARNAME='ftgl'
PACKAGE_VERSION='2.1.3~rc5'
PATH_SEPARATOR=':'
PKG_CONFIG='/opt/local/bin/pkg-config'
RANLIB='ranlib'
SED='/opt/local/bin/gsed'
SET_MAKE=''
SHELL='/bin/sh'
STRIP='strip'
VERSION='2.1.3~rc5'
XMKMF=''
X_CFLAGS=''
X_EXTRA_LIBS=''
X_LIBS=''
X_PRE_LIBS=''
ac_ct_CC='gcc'
ac_ct_CXX='g++'
ac_ct_F77=''
am__fastdepCC_FALSE='#'
am__fastdepCC_TRUE=''
am__fastdepCXX_FALSE='#'
am__fastdepCXX_TRUE=''
am__include='include'
am__isrc=''
am__leading_dot='.'
am__quote=''
am__tar='${AMTAR} chof - "$$tardir"'
am__untar='${AMTAR} xf -'
bindir='/usr/local/bin'
build='i386-apple-darwin13.1.0'
build_alias=''
build_cpu='i386'
build_os='darwin13.1.0'
build_vendor='apple'
datadir='/usr/local/share'
datarootdir='${prefix}/share'
docdir='${datarootdir}/doc/${PACKAGE_TARNAME}'
dvidir='${docdir}'
exec_prefix='${prefix}'
host='i386-apple-darwin13.1.0'
host_alias=''
host_cpu='i386'
host_os='darwin13.1.0'
host_vendor='apple'
htmldir='${docdir}'
includedir='${prefix}/include'
infodir='${datarootdir}/info'
install_sh='$(SHELL) /Users/fober/Desktop/freetype/ftgl-2.1.3~rc5/.auto/install-sh'
libdir='${exec_prefix}/lib'
libexecdir='${exec_prefix}/libexec'
localedir='${datarootdir}/locale'
localstatedir='${prefix}/var'
mandir='/usr/local/share/man'
mkdir_p='/opt/local/bin/gmkdir -p'
oldincludedir='/usr/include'
pdfdir='${docdir}'
prefix='/usr/local'
program_transform_name='s,x,x,'
psdir='${docdir}'
sbindir='${exec_prefix}/sbin'
sharedstatedir='${prefix}/com'
sysconfdir='/usr/local/etc'
target_alias=''

## ----------- ##
## confdefs.h. ##
## ----------- ##

#define PACKAGE_NAME "FTGL"
#define PACKAGE_TARNAME "ftgl"
#define PACKAGE_VERSION "2.1.3~rc5"
#define PACKAGE_STRING "FTGL 2.1.3~rc5"
#define PACKAGE_BUGREPORT "sam@zoy.org"
#define STDC_HEADERS 1
#define HAVE_SYS_TYPES_H 1
#define HAVE_SYS_STAT_H 1
#define HAVE_STDLIB_H 1
#define HAVE_STRING_H 1
#define HAVE_MEMORY_H 1
#define HAVE_STRINGS_H 1
#define HAVE_INTTYPES_H 1
#define HAVE_STDINT_H 1
#define HAVE_UNISTD_H 1
#define HAVE_DLFCN_H 1
#define STDC_HEADERS 1
#define HAVE_WCSDUP 1
#define HAVE_STRNDUP 1
#define X_DISPLAY_MISSING 1
#define HAVE_OPENGL_GL_H 1
#define HAVE_OPENGL_GLU_H 1
#define HAVE_GLUT_GLUT_H 1
#define FONT_FILE "/opt/X11/share/fonts/TTF/VeraSe.ttf"

configure: exit 0
