This file contains any messages produced by compilers while
running configure, to aid debugging if configure makes a mistake.

It was created by FreeType configure 2.5.3, which was
generated by GNU Autoconf 2.69.  Invocation command line was

  $ ./configure 

## --------- ##
## Platform. ##
## --------- ##

hostname = marcopolo.local
uname -m = x86_64
uname -r = 13.1.0
uname -s = Darwin
uname -v = Darwin Kernel Version 13.1.0: Thu Jan 16 19:40:37 PST 2014; root:xnu-2422.90.20~2/RELEASE_X86_64

/usr/bin/uname -p = i386
/bin/uname -X     = unknown

/bin/arch              = unknown
/usr/bin/arch -k       = unknown
/usr/convex/getsysinfo = unknown
/usr/bin/hostinfo      = Mach kernel version:
	 Darwin Kernel Version 13.1.0: Thu Jan 16 19:40:37 PST 2014; root:xnu-2422.90.20~2/RELEASE_X86_64
Kernel configured for up to 8 processors.
4 processors are physically available.
8 processors are logically available.
Processor type: i486 (Intel 80486)
Processors active: 0 1 2 3 4 5 6 7
Primary memory available: 8.00 gigabytes
Default processor set: 223 tasks, 1127 threads, 8 processors
Load average: 1.91, Mach factor: 6.08
/bin/machine           = unknown
/usr/bin/oslevel       = unknown
/bin/universe          = unknown

PATH: /Users/fober/bin
PATH: /usr/bin
PATH: /bin
PATH: /usr/sbin
PATH: /sbin
PATH: /usr/local/bin
PATH: /opt/X11/bin
PATH: /usr/texbin
PATH: /usr/local/bin
PATH: /usr/texbin
PATH: /Applications/Xcode.app/Contents/Developer/usr/bin
PATH: /Users/fober/Qt5.2.0/5.2.0/clang_64/bin
PATH: /Users/fober/src/android/android-sdk/sdk/tools
PATH: .
PATH: /Users/fober/src/android/android-sdk/sdk/platform-tools
PATH: /Users/fober/src/android/android-toolchain/bin
PATH: /Users/fober/src/android/android-ndk
PATH: /Users/fober/src/android/ant/bin
PATH: /opt/local/bin
PATH: /opt/local/sbin


## ----------- ##
## Core tests. ##
## ----------- ##

configure:2530: checking build system type
configure:2544: result: x86_64-apple-darwin13.1.0
configure:2564: checking host system type
configure:2577: result: x86_64-apple-darwin13.1.0
configure:2649: checking for gcc
configure:2665: found /usr/bin/gcc
configure:2676: result: gcc
configure:2905: checking for C compiler version
configure:2914: gcc --version >&5
Apple LLVM version 5.1 (clang-503.0.38) (based on LLVM 3.4svn)
Target: x86_64-apple-darwin13.1.0
Thread model: posix
Configured with: --prefix=/Applications/Xcode.app/Contents/Developer/usr --with-gxx-include-dir=/usr/include/c++/4.2.1
configure:2925: $? = 0
configure:2914: gcc -v >&5
Configured with: --prefix=/Applications/Xcode.app/Contents/Developer/usr --with-gxx-include-dir=/usr/include/c++/4.2.1
Apple LLVM version 5.1 (clang-503.0.38) (based on LLVM 3.4svn)
Target: x86_64-apple-darwin13.1.0
Thread model: posix
configure:2925: $? = 0
configure:2914: gcc -V >&5
clang: error: argument to '-V' is missing (expected 1 value)
clang: error: no input files
configure:2925: $? = 1
configure:2914: gcc -qversion >&5
clang: error: unknown argument: '-qversion' [-Wunused-command-line-argument-hard-error-in-future]
clang: note: this will be a hard error (cannot be downgraded to a warning) in the future
clang: error: no input files
configure:2925: $? = 1
configure:2945: checking whether the C compiler works
configure:2967: gcc    conftest.c  >&5
configure:2971: $? = 0
configure:3019: result: yes
configure:3022: checking for C compiler default output file name
configure:3024: result: a.out
configure:3030: checking for suffix of executables
configure:3037: gcc -o conftest    conftest.c  >&5
configure:3041: $? = 0
configure:3063: result: 
configure:3085: checking whether we are cross compiling
configure:3093: gcc -o conftest    conftest.c  >&5
configure:3097: $? = 0
configure:3104: ./conftest
configure:3108: $? = 0
configure:3123: result: no
configure:3128: checking for suffix of object files
configure:3150: gcc -c   conftest.c >&5
configure:3154: $? = 0
configure:3175: result: o
configure:3179: checking whether we are using the GNU C compiler
configure:3198: gcc -c   conftest.c >&5
configure:3198: $? = 0
configure:3207: result: yes
configure:3216: checking whether gcc accepts -g
configure:3236: gcc -c -g  conftest.c >&5
configure:3236: $? = 0
configure:3277: result: yes
configure:3294: checking for gcc option to accept ISO C89
configure:3357: gcc  -c -g -O2  conftest.c >&5
configure:3357: $? = 0
configure:3370: result: none needed
configure:3395: checking how to run the C preprocessor
configure:3426: gcc -E  conftest.c
configure:3426: $? = 0
configure:3440: gcc -E  conftest.c
conftest.c:9:10: fatal error: 'ac_nonexistent.h' file not found
#include <ac_nonexistent.h>
         ^
1 error generated.
configure:3440: $? = 1
configure: failed program was:
| /* confdefs.h */
| #define PACKAGE_NAME "FreeType"
| #define PACKAGE_TARNAME "freetype"
| #define PACKAGE_VERSION "2.5.3"
| #define PACKAGE_STRING "FreeType 2.5.3"
| #define PACKAGE_BUGREPORT "freetype@nongnu.org"
| #define PACKAGE_URL ""
| /* end confdefs.h.  */
| #include <ac_nonexistent.h>
configure:3465: result: gcc -E
configure:3485: gcc -E  conftest.c
configure:3485: $? = 0
configure:3499: gcc -E  conftest.c
conftest.c:9:10: fatal error: 'ac_nonexistent.h' file not found
#include <ac_nonexistent.h>
         ^
1 error generated.
configure:3499: $? = 1
configure: failed program was:
| /* confdefs.h */
| #define PACKAGE_NAME "FreeType"
| #define PACKAGE_TARNAME "freetype"
| #define PACKAGE_VERSION "2.5.3"
| #define PACKAGE_STRING "FreeType 2.5.3"
| #define PACKAGE_BUGREPORT "freetype@nongnu.org"
| #define PACKAGE_URL ""
| /* end confdefs.h.  */
| #include <ac_nonexistent.h>
configure:3583: checking for pkg-config
configure:3601: found /opt/local/bin/pkg-config
configure:3613: result: /opt/local/bin/pkg-config
configure:3638: checking pkg-config is at least version 0.24
configure:3641: result: yes
configure:3696: checking how to print strings
configure:3723: result: printf
configure:3744: checking for a sed that does not truncate output
configure:3808: result: /opt/local/bin/gsed
configure:3826: checking for grep that handles long lines and -e
configure:3884: result: /usr/bin/grep
configure:3889: checking for egrep
configure:3951: result: /usr/bin/grep -E
configure:3956: checking for fgrep
configure:4018: result: /usr/bin/grep -F
configure:4053: checking for ld used by gcc
configure:4120: result: /Applications/Xcode.app/Contents/Developer/Toolchains/XcodeDefault.xctoolchain/usr/bin/ld
configure:4127: checking if the linker (/Applications/Xcode.app/Contents/Developer/Toolchains/XcodeDefault.xctoolchain/usr/bin/ld) is GNU ld
configure:4142: result: no
configure:4154: checking for BSD- or MS-compatible name lister (nm)
configure:4203: result: /usr/bin/nm
configure:4333: checking the name lister (/usr/bin/nm) interface
configure:4340: gcc -c -g -O2  conftest.c >&5
configure:4343: /usr/bin/nm "conftest.o"
configure:4346: output
0000000000000238 S _some_variable
configure:4353: result: BSD nm
configure:4356: checking whether ln -s works
configure:4360: result: yes
configure:4368: checking the maximum length of command line arguments
configure:4499: result: 196608
configure:4547: checking how to convert x86_64-apple-darwin13.1.0 file names to x86_64-apple-darwin13.1.0 format
configure:4587: result: func_convert_file_noop
configure:4594: checking how to convert x86_64-apple-darwin13.1.0 file names to toolchain format
configure:4614: result: func_convert_file_noop
configure:4621: checking for /Applications/Xcode.app/Contents/Developer/Toolchains/XcodeDefault.xctoolchain/usr/bin/ld option to reload object files
configure:4628: result: -r
configure:4702: checking for objdump
configure:4732: result: no
configure:4758: checking how to recognize dependent libraries
configure:4955: result: pass_all
configure:5040: checking for dlltool
configure:5070: result: no
configure:5097: checking how to associate runtime and link libraries
configure:5124: result: printf %s\n
configure:5185: checking for ar
configure:5201: found /usr/bin/ar
configure:5212: result: ar
configure:5249: checking for archiver @FILE support
configure:5266: gcc -c -g -O2  conftest.c >&5
configure:5266: $? = 0
configure:5269: ar cru libconftest.a @conftest.lst >&5
ar: @conftest.lst: No such file or directory
configure:5272: $? = 1
configure:5292: result: no
configure:5350: checking for strip
configure:5366: found /usr/bin/strip
configure:5377: result: strip
configure:5449: checking for ranlib
configure:5465: found /usr/bin/ranlib
configure:5476: result: ranlib
configure:5553: checking for gawk
configure:5583: result: no
configure:5553: checking for mawk
configure:5583: result: no
configure:5553: checking for nawk
configure:5583: result: no
configure:5553: checking for awk
configure:5569: found /usr/bin/awk
configure:5580: result: awk
configure:5620: checking command to parse /usr/bin/nm output from gcc object
configure:5773: gcc -c -g -O2  conftest.c >&5
configure:5776: $? = 0
configure:5780: /usr/bin/nm conftest.o \| sed -n -e 's/^.*[ ]\([BCDEGRST][BCDEGRST]*\)[ ][ ]*\([_A-Za-z][_A-Za-z0-9]*\)$/\1 \2 \2/p' | sed '/ __gnu_lto/d' \> conftest.nm
configure:5783: $? = 0
cannot find nm_test_var in conftest.nm
configure:5773: gcc -c -g -O2  conftest.c >&5
configure:5776: $? = 0
configure:5780: /usr/bin/nm conftest.o \| sed -n -e 's/^.*[ ]\([BCDEGRST][BCDEGRST]*\)[ ][ ]*_\([_A-Za-z][_A-Za-z0-9]*\)$/\1 _\2 \2/p' | sed '/ __gnu_lto/d' \> conftest.nm
configure:5783: $? = 0
configure:5849: gcc -o conftest -g -O2   conftest.c conftstm.o >&5
configure:5852: $? = 0
configure:5890: result: ok
configure:5937: checking for sysroot
configure:5967: result: no
configure:6280: checking for mt
configure:6310: result: no
configure:6330: checking if : is a manifest tool
configure:6336: : '-?'
configure:6344: result: no
configure:6400: checking for dsymutil
configure:6416: found /usr/bin/dsymutil
configure:6427: result: dsymutil
configure:6492: checking for nmedit
configure:6508: found /usr/bin/nmedit
configure:6519: result: nmedit
configure:6584: checking for lipo
configure:6600: found /usr/bin/lipo
configure:6611: result: lipo
configure:6676: checking for otool
configure:6692: found /usr/bin/otool
configure:6703: result: otool
configure:6768: checking for otool64
configure:6798: result: no
configure:6843: checking for -single_module linker flag
gcc -g -O2  -o libconftest.dylib -dynamiclib -Wl,-single_module conftest.c
configure:6876: result: yes
configure:6879: checking for -exported_symbols_list linker flag
configure:6899: gcc -o conftest -g -O2   -Wl,-exported_symbols_list,conftest.sym conftest.c  >&5
configure:6899: $? = 0
configure:6909: result: yes
configure:6912: checking for -force_load linker flag
gcc -g -O2 -c -o conftest.o conftest.c
ar cru libconftest.a conftest.o
ranlib libconftest.a
gcc -g -O2  -o conftest conftest.c -Wl,-force_load,./libconftest.a
configure:6944: result: yes
configure:6982: checking for ANSI C header files
configure:7002: gcc -c -g -O2  conftest.c >&5
configure:7002: $? = 0
configure:7075: gcc -o conftest -g -O2   conftest.c  >&5
configure:7075: $? = 0
configure:7075: ./conftest
configure:7075: $? = 0
configure:7086: result: yes
configure:7099: checking for sys/types.h
configure:7099: gcc -c -g -O2  conftest.c >&5
configure:7099: $? = 0
configure:7099: result: yes
configure:7099: checking for sys/stat.h
configure:7099: gcc -c -g -O2  conftest.c >&5
configure:7099: $? = 0
configure:7099: result: yes
configure:7099: checking for stdlib.h
configure:7099: gcc -c -g -O2  conftest.c >&5
configure:7099: $? = 0
configure:7099: result: yes
configure:7099: checking for string.h
configure:7099: gcc -c -g -O2  conftest.c >&5
configure:7099: $? = 0
configure:7099: result: yes
configure:7099: checking for memory.h
configure:7099: gcc -c -g -O2  conftest.c >&5
configure:7099: $? = 0
configure:7099: result: yes
configure:7099: checking for strings.h
configure:7099: gcc -c -g -O2  conftest.c >&5
configure:7099: $? = 0
configure:7099: result: yes
configure:7099: checking for inttypes.h
configure:7099: gcc -c -g -O2  conftest.c >&5
configure:7099: $? = 0
configure:7099: result: yes
configure:7099: checking for stdint.h
configure:7099: gcc -c -g -O2  conftest.c >&5
configure:7099: $? = 0
configure:7099: result: yes
configure:7099: checking for unistd.h
configure:7099: gcc -c -g -O2  conftest.c >&5
configure:7099: $? = 0
configure:7099: result: yes
configure:7113: checking for dlfcn.h
configure:7113: gcc -c -g -O2  conftest.c >&5
configure:7113: $? = 0
configure:7113: result: yes
configure:7615: checking for objdir
configure:7630: result: .libs
configure:7897: checking if gcc supports -fno-rtti -fno-exceptions
configure:7915: gcc -c -g -O2  -fno-rtti -fno-exceptions conftest.c >&5
configure:7919: $? = 0
configure:7932: result: yes
configure:8280: checking for gcc option to produce PIC
configure:8287: result: -fno-common -DPIC
configure:8295: checking if gcc PIC flag -fno-common -DPIC works
configure:8313: gcc -c -g -O2  -fno-common -DPIC -DPIC conftest.c >&5
configure:8317: $? = 0
configure:8330: result: yes
configure:8359: checking if gcc static flag -static works
configure:8387: result: no
configure:8402: checking if gcc supports -c -o file.o
configure:8423: gcc -c -g -O2  -o out/conftest2.o conftest.c >&5
configure:8427: $? = 0
configure:8449: result: yes
configure:8457: checking if gcc supports -c -o file.o
configure:8504: result: yes
configure:8537: checking whether the gcc linker (/Applications/Xcode.app/Contents/Developer/Toolchains/XcodeDefault.xctoolchain/usr/bin/ld) supports shared libraries
configure:9685: result: yes
configure:9925: checking dynamic linker characteristics
configure:10663: result: darwin13.1.0 dyld
configure:10770: checking how to hardcode library paths into programs
configure:10795: result: immediate
configure:11343: checking whether stripping libraries is possible
configure:11357: result: yes
configure:11383: checking if libtool supports shared libraries
configure:11385: result: yes
configure:11388: checking whether to build shared libraries
configure:11409: result: yes
configure:11412: checking whether to build static libraries
configure:11416: result: yes
configure:11617: checking for rmdir
configure:11633: found /bin/rmdir
configure:11644: result: rmdir
configure:11672: checking for a BSD-compatible install
configure:11740: result: /usr/bin/install -c
configure:11762: checking for ANSI C header files
configure:11866: result: yes
configure:11877: checking fcntl.h usability
configure:11877: gcc -c -g -O2  conftest.c >&5
configure:11877: $? = 0
configure:11877: result: yes
configure:11877: checking fcntl.h presence
configure:11877: gcc -E  conftest.c
configure:11877: $? = 0
configure:11877: result: yes
configure:11877: checking for fcntl.h
configure:11877: result: yes
configure:11877: checking for unistd.h
configure:11877: result: yes
configure:11891: checking for an ANSI C-conforming const
configure:11957: gcc -c -g -O2  conftest.c >&5
configure:11957: $? = 0
configure:11964: result: yes
configure:11976: checking size of int
configure:11981: gcc -o conftest -g -O2   conftest.c  >&5
configure:11981: $? = 0
configure:11981: ./conftest
configure:11981: $? = 0
configure:11995: result: 4
configure:12009: checking size of long
configure:12014: gcc -o conftest -g -O2   conftest.c  >&5
configure:12014: $? = 0
configure:12014: ./conftest
configure:12014: $? = 0
configure:12028: result: 8
configure:12042: checking whether cpp computation of bit length in ftconfig.in works
configure:12099: result: yes
configure:12137: checking for stdlib.h
configure:12137: result: yes
configure:12137: checking for unistd.h
configure:12137: result: yes
configure:12137: checking for sys/param.h
configure:12137: gcc -c -g -O2  conftest.c >&5
configure:12137: $? = 0
configure:12137: result: yes
configure:12157: checking for getpagesize
configure:12157: gcc -o conftest -g -O2   conftest.c  >&5
configure:12157: $? = 0
configure:12157: result: yes
configure:12166: checking for working mmap
configure:12313: gcc -o conftest -g -O2   conftest.c  >&5
configure:12313: $? = 0
configure:12313: ./conftest
configure:12313: $? = 0
configure:12323: result: yes
configure:12339: checking whether munmap is declared
configure:12339: gcc -c -g -O2  conftest.c >&5
configure:12339: $? = 0
configure:12339: result: yes
configure:12359: checking for munmap's first parameter type
configure:12373: gcc -c -g -O2  conftest.c >&5
configure:12373: $? = 0
configure:12374: result: void *
configure:12391: checking for memcpy
configure:12391: gcc -o conftest -g -O2   conftest.c  >&5
conftest.c:56:6: warning: incompatible redeclaration of library function 'memcpy' [-Wincompatible-library-redeclaration]
char memcpy ();
     ^
conftest.c:56:6: note: 'memcpy' is a builtin with type 'void *(void *, const void *, unsigned long)'
1 warning generated.
configure:12391: $? = 0
configure:12391: result: yes
configure:12391: checking for memmove
configure:12391: gcc -o conftest -g -O2   conftest.c  >&5
conftest.c:57:6: warning: incompatible redeclaration of library function 'memmove' [-Wincompatible-library-redeclaration]
char memmove ();
     ^
conftest.c:57:6: note: 'memmove' is a builtin with type 'void *(void *, const void *, unsigned long)'
1 warning generated.
configure:12391: $? = 0
configure:12391: result: yes
configure:12440: checking gcc compiler flag -ansi to assure ANSI C works correctly
configure:12467: gcc -c -g -O2  -ansi  conftest.c >&5
configure:12467: $? = 0
configure:12468: result: ok, add it to XX_ANSIFLAGS
configure:12532: $PKG_CONFIG --exists --print-errors "$zlib_pkg"
configure:12535: $? = 0
configure:12542: checking for ZLIB
configure:12549: $PKG_CONFIG --exists --print-errors "$zlib_pkg"
configure:12552: $? = 0
configure:12566: $PKG_CONFIG --exists --print-errors "$zlib_pkg"
configure:12569: $? = 0
configure:12607: result: yes
configure:12702: $PKG_CONFIG --exists --print-errors "$bzip2_pkg"
Package bzip2 was not found in the pkg-config search path.
Perhaps you should add the directory containing `bzip2.pc'
to the PKG_CONFIG_PATH environment variable
No package 'bzip2' found
configure:12705: $? = 1
configure:12712: checking for BZIP2
configure:12719: $PKG_CONFIG --exists --print-errors "$bzip2_pkg"
Package bzip2 was not found in the pkg-config search path.
Perhaps you should add the directory containing `bzip2.pc'
to the PKG_CONFIG_PATH environment variable
No package 'bzip2' found
configure:12722: $? = 1
configure:12736: $PKG_CONFIG --exists --print-errors "$bzip2_pkg"
Package bzip2 was not found in the pkg-config search path.
Perhaps you should add the directory containing `bzip2.pc'
to the PKG_CONFIG_PATH environment variable
No package 'bzip2' found
configure:12739: $? = 1
configure:12753: result: no
No package 'bzip2' found
configure:12797: checking for BZ2_bzDecompress in -lbz2
configure:12822: gcc -o conftest -g -O2   conftest.c -lbz2   >&5
configure:12822: $? = 0
configure:12831: result: yes
configure:12834: checking bzlib.h usability
configure:12834: gcc -c -g -O2  conftest.c >&5
configure:12834: $? = 0
configure:12834: result: yes
configure:12834: checking bzlib.h presence
configure:12834: gcc -E  conftest.c
configure:12834: $? = 0
configure:12834: result: yes
configure:12834: checking for bzlib.h
configure:12834: result: yes
configure:12872: $PKG_CONFIG --exists --print-errors "$libpng_pkg"
configure:12875: $? = 0
configure:12882: checking for LIBPNG
configure:12889: $PKG_CONFIG --exists --print-errors "$libpng_pkg"
configure:12892: $? = 0
configure:12906: $PKG_CONFIG --exists --print-errors "$libpng_pkg"
configure:12909: $? = 0
configure:12947: result: yes
configure:13008: $PKG_CONFIG --exists --print-errors "$harfbuzz_pkg"
configure:13011: $? = 0
configure:13018: checking for HARFBUZZ
configure:13025: $PKG_CONFIG --exists --print-errors "$harfbuzz_pkg"
configure:13028: $? = 0
configure:13042: $PKG_CONFIG --exists --print-errors "$harfbuzz_pkg"
configure:13045: $? = 0
configure:13083: result: yes
configure:13916: creating ./config.status

## ---------------------- ##
## Running config.status. ##
## ---------------------- ##

This file was extended by FreeType config.status 2.5.3, which was
generated by GNU Autoconf 2.69.  Invocation command line was

  CONFIG_FILES    = 
  CONFIG_HEADERS  = 
  CONFIG_LINKS    = 
  CONFIG_COMMANDS = 
  $ ./config.status 

on marcopolo.local

config.status:1082: creating unix-cc.mk
config.status:1082: creating unix-def.mk
config.status:1082: creating ftconfig.h
config.status:1271: executing libtool commands
configure:15864:

Library configuration:
  external zlib: yes (pkg-config)
  bzip2:         yes (autoconf test)
  libpng:        yes (pkg-config)
  harfbuzz:      yes (pkg-config)


## ---------------- ##
## Cache variables. ##
## ---------------- ##

ac_cv_build=x86_64-apple-darwin13.1.0
ac_cv_c_compiler_gnu=yes
ac_cv_c_const=yes
ac_cv_env_BZIP2_CFLAGS_set=
ac_cv_env_BZIP2_CFLAGS_value=
ac_cv_env_BZIP2_LIBS_set=
ac_cv_env_BZIP2_LIBS_value=
ac_cv_env_CC_set=
ac_cv_env_CC_value=
ac_cv_env_CFLAGS_set=
ac_cv_env_CFLAGS_value=
ac_cv_env_CPPFLAGS_set=
ac_cv_env_CPPFLAGS_value=
ac_cv_env_CPP_set=
ac_cv_env_CPP_value=
ac_cv_env_HARFBUZZ_CFLAGS_set=
ac_cv_env_HARFBUZZ_CFLAGS_value=
ac_cv_env_HARFBUZZ_LIBS_set=
ac_cv_env_HARFBUZZ_LIBS_value=
ac_cv_env_LDFLAGS_set=
ac_cv_env_LDFLAGS_value=
ac_cv_env_LIBPNG_CFLAGS_set=
ac_cv_env_LIBPNG_CFLAGS_value=
ac_cv_env_LIBPNG_LIBS_set=
ac_cv_env_LIBPNG_LIBS_value=
ac_cv_env_LIBS_set=
ac_cv_env_LIBS_value=
ac_cv_env_PKG_CONFIG_LIBDIR_set=
ac_cv_env_PKG_CONFIG_LIBDIR_value=
ac_cv_env_PKG_CONFIG_PATH_set=
ac_cv_env_PKG_CONFIG_PATH_value=
ac_cv_env_PKG_CONFIG_set=
ac_cv_env_PKG_CONFIG_value=
ac_cv_env_ZLIB_CFLAGS_set=
ac_cv_env_ZLIB_CFLAGS_value=
ac_cv_env_ZLIB_LIBS_set=
ac_cv_env_ZLIB_LIBS_value=
ac_cv_env_build_alias_set=
ac_cv_env_build_alias_value=
ac_cv_env_host_alias_set=
ac_cv_env_host_alias_value=
ac_cv_env_target_alias_set=
ac_cv_env_target_alias_value=
ac_cv_func_getpagesize=yes
ac_cv_func_memcpy=yes
ac_cv_func_memmove=yes
ac_cv_func_mmap_fixed_mapped=yes
ac_cv_have_decl_munmap=yes
ac_cv_header_bzlib_h=yes
ac_cv_header_dlfcn_h=yes
ac_cv_header_fcntl_h=yes
ac_cv_header_inttypes_h=yes
ac_cv_header_memory_h=yes
ac_cv_header_stdc=yes
ac_cv_header_stdint_h=yes
ac_cv_header_stdlib_h=yes
ac_cv_header_string_h=yes
ac_cv_header_strings_h=yes
ac_cv_header_sys_param_h=yes
ac_cv_header_sys_stat_h=yes
ac_cv_header_sys_types_h=yes
ac_cv_header_unistd_h=yes
ac_cv_host=x86_64-apple-darwin13.1.0
ac_cv_lib_bz2_BZ2_bzDecompress=yes
ac_cv_objext=o
ac_cv_path_EGREP='/usr/bin/grep -E'
ac_cv_path_FGREP='/usr/bin/grep -F'
ac_cv_path_GREP=/usr/bin/grep
ac_cv_path_SED=/opt/local/bin/gsed
ac_cv_path_ac_pt_PKG_CONFIG=/opt/local/bin/pkg-config
ac_cv_path_install='/usr/bin/install -c'
ac_cv_prog_AWK=awk
ac_cv_prog_CPP='gcc -E'
ac_cv_prog_RMDIR=rmdir
ac_cv_prog_ac_ct_AR=ar
ac_cv_prog_ac_ct_CC=gcc
ac_cv_prog_ac_ct_DSYMUTIL=dsymutil
ac_cv_prog_ac_ct_LIPO=lipo
ac_cv_prog_ac_ct_NMEDIT=nmedit
ac_cv_prog_ac_ct_OTOOL=otool
ac_cv_prog_ac_ct_RANLIB=ranlib
ac_cv_prog_ac_ct_STRIP=strip
ac_cv_prog_cc_c89=
ac_cv_prog_cc_g=yes
ac_cv_sizeof_int=4
ac_cv_sizeof_long=8
lt_cv_apple_cc_single_mod=yes
lt_cv_ar_at_file=no
lt_cv_deplibs_check_method=pass_all
lt_cv_file_magic_cmd='$MAGIC_CMD'
lt_cv_file_magic_test_file=
lt_cv_ld_exported_symbols_list=yes
lt_cv_ld_force_load=yes
lt_cv_ld_reload_flag=-r
lt_cv_nm_interface='BSD nm'
lt_cv_objdir=.libs
lt_cv_path_LD=/Applications/Xcode.app/Contents/Developer/Toolchains/XcodeDefault.xctoolchain/usr/bin/ld
lt_cv_path_NM=/usr/bin/nm
lt_cv_path_mainfest_tool=no
lt_cv_prog_compiler_c_o=yes
lt_cv_prog_compiler_pic='-fno-common -DPIC'
lt_cv_prog_compiler_pic_works=yes
lt_cv_prog_compiler_rtti_exceptions=yes
lt_cv_prog_compiler_static_works=no
lt_cv_prog_gnu_ld=no
lt_cv_sharedlib_from_linklib_cmd='printf %s\n'
lt_cv_sys_global_symbol_pipe='sed -n -e '\''s/^.*[	 ]\([BCDEGRST][BCDEGRST]*\)[	 ][	 ]*_\([_A-Za-z][_A-Za-z0-9]*\)$/\1 _\2 \2/p'\'' | sed '\''/ __gnu_lto/d'\'''
lt_cv_sys_global_symbol_to_c_name_address='sed -n -e '\''s/^: \(.*\) .*$/  {"\1", (void *) 0},/p'\'' -e '\''s/^[BCDEGRST][BCDEGRST]* .* \(.*\)$/  {"\1", (void *) \&\1},/p'\'''
lt_cv_sys_global_symbol_to_c_name_address_lib_prefix='sed -n -e '\''s/^: \(.*\) .*$/  {"\1", (void *) 0},/p'\'' -e '\''s/^[BCDEGRST][BCDEGRST]* .* \(lib.*\)$/  {"\1", (void *) \&\1},/p'\'' -e '\''s/^[BCDEGRST][BCDEGRST]* .* \(.*\)$/  {"lib\1", (void *) \&\1},/p'\'''
lt_cv_sys_global_symbol_to_cdecl='sed -n -e '\''s/^T .* \(.*\)$/extern int \1();/p'\'' -e '\''s/^[BCDEGRST][BCDEGRST]* .* \(.*\)$/extern char \1;/p'\'''
lt_cv_sys_global_symbol_to_import=
lt_cv_sys_max_cmd_len=196608
lt_cv_to_host_file_cmd=func_convert_file_noop
lt_cv_to_tool_file_cmd=func_convert_file_noop
pkg_cv_HARFBUZZ_CFLAGS='-I/opt/local/include/harfbuzz '
pkg_cv_HARFBUZZ_LIBS='-L/opt/local/lib -lharfbuzz '
pkg_cv_LIBPNG_CFLAGS='-I/opt/local/include/libpng15 '
pkg_cv_LIBPNG_LIBS='-L/opt/local/lib -lpng15 '
pkg_cv_ZLIB_CFLAGS='-I/opt/local/include '
pkg_cv_ZLIB_LIBS='-L/opt/local/lib -lz '

## ----------------- ##
## Output variables. ##
## ----------------- ##

AR='ar'
AS='as'
AWK='awk'
BZIP2_CFLAGS=''
BZIP2_LIBS='-lbz2'
CC='gcc'
CC_BUILD='gcc'
CFLAGS='-g -O2 -DDARWIN_NO_CARBON -I/opt/local/include  -DFT_CONFIG_OPTION_SYSTEM_ZLIB  -DFT_CONFIG_OPTION_USE_BZIP2 -I/opt/local/include/libpng15  -DFT_CONFIG_OPTION_USE_PNG -I/opt/local/include/harfbuzz  -DFT_CONFIG_OPTION_USE_HARFBUZZ'
CPP='gcc -E'
CPPFLAGS=''
DEFS='-DHAVE_CONFIG_H'
DLLTOOL='false'
DSYMUTIL='dsymutil'
DUMPBIN=''
ECHO_C='\c'
ECHO_N=''
ECHO_T=''
EGREP='/usr/bin/grep -E'
EXEEXT=''
EXEEXT_BUILD=''
FGREP='/usr/bin/grep -F'
FTSYS_SRC='$(BUILD_DIR)/ftsystem.c'
GREP='/usr/bin/grep'
HARFBUZZ_CFLAGS='-I/opt/local/include/harfbuzz '
HARFBUZZ_LIBS='-L/opt/local/lib -lharfbuzz '
INSTALL_DATA='${INSTALL} -m 644'
INSTALL_PROGRAM='${INSTALL}'
INSTALL_SCRIPT='${INSTALL}'
LD='/Applications/Xcode.app/Contents/Developer/Toolchains/XcodeDefault.xctoolchain/usr/bin/ld'
LDFLAGS=' -L/opt/local/lib -lz  -lbz2 -L/opt/local/lib -lpng15  -L/opt/local/lib -lharfbuzz '
LIBOBJS=''
LIBPNG_CFLAGS='-I/opt/local/include/libpng15 '
LIBPNG_LIBS='-L/opt/local/lib -lpng15 '
LIBS=''
LIBSSTATIC_CONFIG='-lfreetype -L/opt/local/lib -lz -lbz2 -L/opt/local/lib -lpng15 -lz -L/opt/local/lib -lharfbuzz'
LIBS_CONFIG='-lfreetype -L/opt/local/lib -lz -lbz2 -L/opt/local/lib -lpng15 -L/opt/local/lib -lharfbuzz'
LIBS_PRIVATE='-lbz2'
LIBTOOL='$(SHELL) $(top_builddir)/libtool'
LIPO='lipo'
LN_S='ln -s'
LTLIBOBJS=''
MANIFEST_TOOL=':'
NM='/usr/bin/nm'
NMEDIT='nmedit'
OBJDUMP='false'
OBJEXT='o'
OTOOL64=':'
OTOOL='otool'
PACKAGE_BUGREPORT='freetype@nongnu.org'
PACKAGE_NAME='FreeType'
PACKAGE_STRING='FreeType 2.5.3'
PACKAGE_TARNAME='freetype'
PACKAGE_URL=''
PACKAGE_VERSION='2.5.3'
PATH_SEPARATOR=':'
PKG_CONFIG='/opt/local/bin/pkg-config'
PKG_CONFIG_LIBDIR=''
PKG_CONFIG_PATH=''
RANLIB='ranlib'
REQUIRES_PRIVATE='zlib, libpng, harfbuzz >= 0.9.19'
RMDIR='rmdir'
SED='/opt/local/bin/gsed'
SHELL='/bin/sh'
STRIP='strip'
XX_ANSIFLAGS=' -ansi'
XX_CFLAGS='-Wall'
ZLIB_CFLAGS='-I/opt/local/include '
ZLIB_LIBS='-L/opt/local/lib -lz '
ac_ct_AR='ar'
ac_ct_CC='gcc'
ac_ct_DUMPBIN=''
bindir='${exec_prefix}/bin'
build='x86_64-apple-darwin13.1.0'
build_alias=''
build_cpu='x86_64'
build_libtool_libs=''
build_os='darwin13.1.0'
build_vendor='apple'
datadir='${datarootdir}'
datarootdir='${prefix}/share'
docdir='${datarootdir}/doc/${PACKAGE_TARNAME}'
dvidir='${docdir}'
exec_prefix='${prefix}'
ft_version='17.2.11'
ftmac_c=''
hardcode_libdir_flag_spec=''
host='x86_64-apple-darwin13.1.0'
host_alias=''
host_cpu='x86_64'
host_os='darwin13.1.0'
host_vendor='apple'
htmldir='${docdir}'
includedir='${prefix}/include'
infodir='${datarootdir}/info'
libdir='${exec_prefix}/lib'
libexecdir='${exec_prefix}/libexec'
localedir='${datarootdir}/locale'
localstatedir='${prefix}/var'
mandir='${datarootdir}/man'
oldincludedir='/usr/include'
pdfdir='${docdir}'
prefix='/usr/local'
program_transform_name='s,x,x,'
psdir='${docdir}'
sbindir='${exec_prefix}/sbin'
sharedstatedir='${prefix}/com'
sysconfdir='${prefix}/etc'
target_alias=''
version_info='17:2:11'
wl='-Wl,'

## ----------- ##
## confdefs.h. ##
## ----------- ##

/* confdefs.h */
#define PACKAGE_NAME "FreeType"
#define PACKAGE_TARNAME "freetype"
#define PACKAGE_VERSION "2.5.3"
#define PACKAGE_STRING "FreeType 2.5.3"
#define PACKAGE_BUGREPORT "freetype@nongnu.org"
#define PACKAGE_URL ""
#define STDC_HEADERS 1
#define HAVE_SYS_TYPES_H 1
#define HAVE_SYS_STAT_H 1
#define HAVE_STDLIB_H 1
#define HAVE_STRING_H 1
#define HAVE_MEMORY_H 1
#define HAVE_STRINGS_H 1
#define HAVE_INTTYPES_H 1
#define HAVE_STDINT_H 1
#define HAVE_UNISTD_H 1
#define HAVE_DLFCN_H 1
#define LT_OBJDIR ".libs/"
#define STDC_HEADERS 1
#define HAVE_FCNTL_H 1
#define HAVE_UNISTD_H 1
#define SIZEOF_INT 4
#define SIZEOF_LONG 8
#define HAVE_STDLIB_H 1
#define HAVE_UNISTD_H 1
#define HAVE_SYS_PARAM_H 1
#define HAVE_GETPAGESIZE 1
#define HAVE_MMAP 1
#define HAVE_DECL_MUNMAP 1
#define MUNMAP_USES_VOIDP /**/
#define HAVE_MEMCPY 1
#define HAVE_MEMMOVE 1

configure: exit 0
